Better speed can be achieved with apex installed from https://www.github.com/nvidia/apex.
Namespace(bert_model='bert-base-uncased', do_eval=False, do_lower_case=0, do_train=True, eval_batch_size=256, exp_name='base_uncased_4', exp_num=15, fold=0, fp16=False, gradient_accumulation_steps=4, learning_rate=5e-05, local_rank=-1, log_dir='log/', loss_scale=128, max_seq_length=50, n_bertlayers=4, n_dev=100000, n_folds=5, n_models=3, no_cuda=False, no_weight_decay=0, num_train_epochs=3.0, optimize_on_cpu=False, output_dir='./', pos_weight=None, seed=42, seed_split=4567, stratify=1, task_name='Quora', train_batch_size=128, warmup_proportion=0.1, weight_0=1.0, weight_1=1.0)
Train shape :  (1306122, 3)

Effective batch_size: 512
02/19/2019 16:22:48 - INFO - pytorch_pretrained_bert.tokenization -   loading vocabulary file https://s3.amazonaws.com/models.huggingface.co/bert/bert-base-uncased-vocab.txt from cache at /home/tks/.pytorch_pretrained_bert/26bc1ad6c0ac742e9b52263248f6d0f00068293b33709fae12320c0e35ccfbbb.542ce4285a40d23a559526243235df47c5f75c197f04f37d1a0c124c32c9a084
02/19/2019 16:24:00 - INFO - utility_bert -   *** Example ***
02/19/2019 16:24:00 - INFO - utility_bert -   guid: 1f07d75fede800e7d1df
02/19/2019 16:24:00 - INFO - utility_bert -   tokens: [CLS] what is lion tam ##ing ? [SEP]
02/19/2019 16:24:00 - INFO - utility_bert -   input_ids: 101 2054 2003 7006 17214 2075 1029 102 0 0 0 0 0 0 0 0 0 0 0 0 0 0 0 0 0 0 0 0 0 0 0 0 0 0 0 0 0 0 0 0 0 0 0 0 0 0 0 0 0 0
02/19/2019 16:24:00 - INFO - utility_bert -   input_mask: 1 1 1 1 1 1 1 1 0 0 0 0 0 0 0 0 0 0 0 0 0 0 0 0 0 0 0 0 0 0 0 0 0 0 0 0 0 0 0 0 0 0 0 0 0 0 0 0 0 0
02/19/2019 16:24:00 - INFO - utility_bert -   segment_ids: 0 0 0 0 0 0 0 0 0 0 0 0 0 0 0 0 0 0 0 0 0 0 0 0 0 0 0 0 0 0 0 0 0 0 0 0 0 0 0 0 0 0 0 0 0 0 0 0 0 0
02/19/2019 16:24:00 - INFO - utility_bert -   label: 0 (id = 0)
02/19/2019 16:24:00 - INFO - utility_bert -   *** Example ***
02/19/2019 16:24:00 - INFO - utility_bert -   guid: 0e5e0b66a17fb2b80c20
02/19/2019 16:24:00 - INFO - utility_bert -   tokens: [CLS] what are the most common data needs for non profits ? [SEP]
02/19/2019 16:24:00 - INFO - utility_bert -   input_ids: 101 2054 2024 1996 2087 2691 2951 3791 2005 2512 11372 1029 102 0 0 0 0 0 0 0 0 0 0 0 0 0 0 0 0 0 0 0 0 0 0 0 0 0 0 0 0 0 0 0 0 0 0 0 0 0
02/19/2019 16:24:00 - INFO - utility_bert -   input_mask: 1 1 1 1 1 1 1 1 1 1 1 1 1 0 0 0 0 0 0 0 0 0 0 0 0 0 0 0 0 0 0 0 0 0 0 0 0 0 0 0 0 0 0 0 0 0 0 0 0 0
02/19/2019 16:24:00 - INFO - utility_bert -   segment_ids: 0 0 0 0 0 0 0 0 0 0 0 0 0 0 0 0 0 0 0 0 0 0 0 0 0 0 0 0 0 0 0 0 0 0 0 0 0 0 0 0 0 0 0 0 0 0 0 0 0 0
02/19/2019 16:24:00 - INFO - utility_bert -   label: 0 (id = 0)
02/19/2019 16:24:00 - INFO - utility_bert -   *** Example ***
02/19/2019 16:24:00 - INFO - utility_bert -   guid: e9b7b430888864987165
02/19/2019 16:24:00 - INFO - utility_bert -   tokens: [CLS] what are some vacation packages that you recommend ? [SEP]
02/19/2019 16:24:00 - INFO - utility_bert -   input_ids: 101 2054 2024 2070 10885 14555 2008 2017 16755 1029 102 0 0 0 0 0 0 0 0 0 0 0 0 0 0 0 0 0 0 0 0 0 0 0 0 0 0 0 0 0 0 0 0 0 0 0 0 0 0 0
02/19/2019 16:24:00 - INFO - utility_bert -   input_mask: 1 1 1 1 1 1 1 1 1 1 1 0 0 0 0 0 0 0 0 0 0 0 0 0 0 0 0 0 0 0 0 0 0 0 0 0 0 0 0 0 0 0 0 0 0 0 0 0 0 0
02/19/2019 16:24:00 - INFO - utility_bert -   segment_ids: 0 0 0 0 0 0 0 0 0 0 0 0 0 0 0 0 0 0 0 0 0 0 0 0 0 0 0 0 0 0 0 0 0 0 0 0 0 0 0 0 0 0 0 0 0 0 0 0 0 0
02/19/2019 16:24:00 - INFO - utility_bert -   label: 0 (id = 0)
02/19/2019 16:24:00 - INFO - utility_bert -   *** Example ***
02/19/2019 16:24:00 - INFO - utility_bert -   guid: c236112ed981cd28356a
02/19/2019 16:24:00 - INFO - utility_bert -   tokens: [CLS] what is the nassau county sales tax rate ? [SEP]
02/19/2019 16:24:00 - INFO - utility_bert -   input_ids: 101 2054 2003 1996 14646 2221 4341 4171 3446 1029 102 0 0 0 0 0 0 0 0 0 0 0 0 0 0 0 0 0 0 0 0 0 0 0 0 0 0 0 0 0 0 0 0 0 0 0 0 0 0 0
02/19/2019 16:24:00 - INFO - utility_bert -   input_mask: 1 1 1 1 1 1 1 1 1 1 1 0 0 0 0 0 0 0 0 0 0 0 0 0 0 0 0 0 0 0 0 0 0 0 0 0 0 0 0 0 0 0 0 0 0 0 0 0 0 0
02/19/2019 16:24:00 - INFO - utility_bert -   segment_ids: 0 0 0 0 0 0 0 0 0 0 0 0 0 0 0 0 0 0 0 0 0 0 0 0 0 0 0 0 0 0 0 0 0 0 0 0 0 0 0 0 0 0 0 0 0 0 0 0 0 0
02/19/2019 16:24:00 - INFO - utility_bert -   label: 0 (id = 0)
02/19/2019 16:24:00 - INFO - utility_bert -   *** Example ***
02/19/2019 16:24:00 - INFO - utility_bert -   guid: d642137782d449475858
02/19/2019 16:24:00 - INFO - utility_bert -   tokens: [CLS] how does a sphere of influence relate to an american expansion ? [SEP]
02/19/2019 16:24:00 - INFO - utility_bert -   input_ids: 101 2129 2515 1037 10336 1997 3747 14396 2000 2019 2137 4935 1029 102 0 0 0 0 0 0 0 0 0 0 0 0 0 0 0 0 0 0 0 0 0 0 0 0 0 0 0 0 0 0 0 0 0 0 0 0
02/19/2019 16:24:00 - INFO - utility_bert -   input_mask: 1 1 1 1 1 1 1 1 1 1 1 1 1 1 0 0 0 0 0 0 0 0 0 0 0 0 0 0 0 0 0 0 0 0 0 0 0 0 0 0 0 0 0 0 0 0 0 0 0 0
02/19/2019 16:24:00 - INFO - utility_bert -   segment_ids: 0 0 0 0 0 0 0 0 0 0 0 0 0 0 0 0 0 0 0 0 0 0 0 0 0 0 0 0 0 0 0 0 0 0 0 0 0 0 0 0 0 0 0 0 0 0 0 0 0 0
02/19/2019 16:24:00 - INFO - utility_bert -   label: 0 (id = 0)
02/19/2019 16:26:40 - INFO - utility_bert -   *** Example ***
02/19/2019 16:26:40 - INFO - utility_bert -   guid: 14c71d5d5d052f551929
02/19/2019 16:26:40 - INFO - utility_bert -   tokens: [CLS] what is the reason for gibraltar ’ s huge population ? [SEP]
02/19/2019 16:26:40 - INFO - utility_bert -   input_ids: 101 2054 2003 1996 3114 2005 12272 1521 1055 4121 2313 1029 102 0 0 0 0 0 0 0 0 0 0 0 0 0 0 0 0 0 0 0 0 0 0 0 0 0 0 0 0 0 0 0 0 0 0 0 0 0
02/19/2019 16:26:40 - INFO - utility_bert -   input_mask: 1 1 1 1 1 1 1 1 1 1 1 1 1 0 0 0 0 0 0 0 0 0 0 0 0 0 0 0 0 0 0 0 0 0 0 0 0 0 0 0 0 0 0 0 0 0 0 0 0 0
02/19/2019 16:26:40 - INFO - utility_bert -   segment_ids: 0 0 0 0 0 0 0 0 0 0 0 0 0 0 0 0 0 0 0 0 0 0 0 0 0 0 0 0 0 0 0 0 0 0 0 0 0 0 0 0 0 0 0 0 0 0 0 0 0 0
02/19/2019 16:26:40 - INFO - utility_bert -   label: 0 (id = 0)
02/19/2019 16:26:40 - INFO - utility_bert -   *** Example ***
02/19/2019 16:26:40 - INFO - utility_bert -   guid: 31a7f774b92c3f8b06de
02/19/2019 16:26:40 - INFO - utility_bert -   tokens: [CLS] do you think rejection or breakup leads to focus ##sing on career ? [SEP]
02/19/2019 16:26:40 - INFO - utility_bert -   input_ids: 101 2079 2017 2228 13893 2030 19010 5260 2000 3579 7741 2006 2476 1029 102 0 0 0 0 0 0 0 0 0 0 0 0 0 0 0 0 0 0 0 0 0 0 0 0 0 0 0 0 0 0 0 0 0 0 0
02/19/2019 16:26:40 - INFO - utility_bert -   input_mask: 1 1 1 1 1 1 1 1 1 1 1 1 1 1 1 0 0 0 0 0 0 0 0 0 0 0 0 0 0 0 0 0 0 0 0 0 0 0 0 0 0 0 0 0 0 0 0 0 0 0
02/19/2019 16:26:40 - INFO - utility_bert -   segment_ids: 0 0 0 0 0 0 0 0 0 0 0 0 0 0 0 0 0 0 0 0 0 0 0 0 0 0 0 0 0 0 0 0 0 0 0 0 0 0 0 0 0 0 0 0 0 0 0 0 0 0
02/19/2019 16:26:40 - INFO - utility_bert -   label: 0 (id = 0)
02/19/2019 16:26:40 - INFO - utility_bert -   *** Example ***
02/19/2019 16:26:40 - INFO - utility_bert -   guid: 824843436610ab46ed4e
02/19/2019 16:26:40 - INFO - utility_bert -   tokens: [CLS] how does the gender gap apply to retirement ? [SEP]
02/19/2019 16:26:40 - INFO - utility_bert -   input_ids: 101 2129 2515 1996 5907 6578 6611 2000 5075 1029 102 0 0 0 0 0 0 0 0 0 0 0 0 0 0 0 0 0 0 0 0 0 0 0 0 0 0 0 0 0 0 0 0 0 0 0 0 0 0 0
02/19/2019 16:26:40 - INFO - utility_bert -   input_mask: 1 1 1 1 1 1 1 1 1 1 1 0 0 0 0 0 0 0 0 0 0 0 0 0 0 0 0 0 0 0 0 0 0 0 0 0 0 0 0 0 0 0 0 0 0 0 0 0 0 0
02/19/2019 16:26:40 - INFO - utility_bert -   segment_ids: 0 0 0 0 0 0 0 0 0 0 0 0 0 0 0 0 0 0 0 0 0 0 0 0 0 0 0 0 0 0 0 0 0 0 0 0 0 0 0 0 0 0 0 0 0 0 0 0 0 0
02/19/2019 16:26:40 - INFO - utility_bert -   label: 0 (id = 0)
02/19/2019 16:26:40 - INFO - utility_bert -   *** Example ***
02/19/2019 16:26:40 - INFO - utility_bert -   guid: 66329bb6e3d64d9824e6
02/19/2019 16:26:40 - INFO - utility_bert -   tokens: [CLS] what does this sentence mean " i ind ##ul ##ge you in the right to be wrong " ? [SEP]
02/19/2019 16:26:40 - INFO - utility_bert -   input_ids: 101 2054 2515 2023 6251 2812 1000 1045 27427 5313 3351 2017 1999 1996 2157 2000 2022 3308 1000 1029 102 0 0 0 0 0 0 0 0 0 0 0 0 0 0 0 0 0 0 0 0 0 0 0 0 0 0 0 0 0
02/19/2019 16:26:40 - INFO - utility_bert -   input_mask: 1 1 1 1 1 1 1 1 1 1 1 1 1 1 1 1 1 1 1 1 1 0 0 0 0 0 0 0 0 0 0 0 0 0 0 0 0 0 0 0 0 0 0 0 0 0 0 0 0 0
02/19/2019 16:26:40 - INFO - utility_bert -   segment_ids: 0 0 0 0 0 0 0 0 0 0 0 0 0 0 0 0 0 0 0 0 0 0 0 0 0 0 0 0 0 0 0 0 0 0 0 0 0 0 0 0 0 0 0 0 0 0 0 0 0 0
02/19/2019 16:26:40 - INFO - utility_bert -   label: 0 (id = 0)
02/19/2019 16:26:40 - INFO - utility_bert -   *** Example ***
02/19/2019 16:26:40 - INFO - utility_bert -   guid: 38c016f3766fa6b06311
02/19/2019 16:26:40 - INFO - utility_bert -   tokens: [CLS] how do i practice sociology answer writing for ups ##c exam ? [SEP]
02/19/2019 16:26:40 - INFO - utility_bert -   input_ids: 101 2129 2079 1045 3218 11507 3437 3015 2005 11139 2278 11360 1029 102 0 0 0 0 0 0 0 0 0 0 0 0 0 0 0 0 0 0 0 0 0 0 0 0 0 0 0 0 0 0 0 0 0 0 0 0
02/19/2019 16:26:40 - INFO - utility_bert -   input_mask: 1 1 1 1 1 1 1 1 1 1 1 1 1 1 0 0 0 0 0 0 0 0 0 0 0 0 0 0 0 0 0 0 0 0 0 0 0 0 0 0 0 0 0 0 0 0 0 0 0 0
02/19/2019 16:26:40 - INFO - utility_bert -   segment_ids: 0 0 0 0 0 0 0 0 0 0 0 0 0 0 0 0 0 0 0 0 0 0 0 0 0 0 0 0 0 0 0 0 0 0 0 0 0 0 0 0 0 0 0 0 0 0 0 0 0 0
02/19/2019 16:26:40 - INFO - utility_bert -   label: 0 (id = 0)
02/19/2019 16:26:57 - INFO - utility_bert -   *** Example ***
02/19/2019 16:26:57 - INFO - utility_bert -   guid: 0000455dfa3e01eae3af
02/19/2019 16:26:57 - INFO - utility_bert -   tokens: [CLS] can i convert mont ##ra he ##lic ##on d to a mountain bike by just changing the tyres ? [SEP]
02/19/2019 16:26:57 - INFO - utility_bert -   input_ids: 101 2064 1045 10463 18318 2527 2002 10415 2239 1040 2000 1037 3137 7997 2011 2074 5278 1996 24656 1029 102 0 0 0 0 0 0 0 0 0 0 0 0 0 0 0 0 0 0 0 0 0 0 0 0 0 0 0 0 0
02/19/2019 16:26:57 - INFO - utility_bert -   input_mask: 1 1 1 1 1 1 1 1 1 1 1 1 1 1 1 1 1 1 1 1 1 0 0 0 0 0 0 0 0 0 0 0 0 0 0 0 0 0 0 0 0 0 0 0 0 0 0 0 0 0
02/19/2019 16:26:57 - INFO - utility_bert -   segment_ids: 0 0 0 0 0 0 0 0 0 0 0 0 0 0 0 0 0 0 0 0 0 0 0 0 0 0 0 0 0 0 0 0 0 0 0 0 0 0 0 0 0 0 0 0 0 0 0 0 0 0
02/19/2019 16:26:57 - INFO - utility_bert -   label: 0 (id = 0)
02/19/2019 16:26:57 - INFO - utility_bert -   *** Example ***
02/19/2019 16:26:57 - INFO - utility_bert -   guid: 00004f9a462a357c33be
02/19/2019 16:26:57 - INFO - utility_bert -   tokens: [CLS] is gaza slowly becoming auschwitz , da ##cha ##u or tre ##bl ##ink ##a for palestinians ? [SEP]
02/19/2019 16:26:57 - INFO - utility_bert -   input_ids: 101 2003 14474 3254 3352 24363 1010 4830 7507 2226 2030 29461 16558 19839 2050 2005 21524 1029 102 0 0 0 0 0 0 0 0 0 0 0 0 0 0 0 0 0 0 0 0 0 0 0 0 0 0 0 0 0 0 0
02/19/2019 16:26:57 - INFO - utility_bert -   input_mask: 1 1 1 1 1 1 1 1 1 1 1 1 1 1 1 1 1 1 1 0 0 0 0 0 0 0 0 0 0 0 0 0 0 0 0 0 0 0 0 0 0 0 0 0 0 0 0 0 0 0
02/19/2019 16:26:57 - INFO - utility_bert -   segment_ids: 0 0 0 0 0 0 0 0 0 0 0 0 0 0 0 0 0 0 0 0 0 0 0 0 0 0 0 0 0 0 0 0 0 0 0 0 0 0 0 0 0 0 0 0 0 0 0 0 0 0
02/19/2019 16:26:57 - INFO - utility_bert -   label: 0 (id = 0)
02/19/2019 16:26:57 - INFO - utility_bert -   *** Example ***
02/19/2019 16:26:57 - INFO - utility_bert -   guid: 0000559f875832745e2e
02/19/2019 16:26:57 - INFO - utility_bert -   tokens: [CLS] is it crazy if i wash or wipe my groceries off ? ge ##rm ##s are everywhere . [SEP]
02/19/2019 16:26:57 - INFO - utility_bert -   input_ids: 101 2003 2009 4689 2065 1045 9378 2030 13387 2026 26298 2125 1029 16216 10867 2015 2024 7249 1012 102 0 0 0 0 0 0 0 0 0 0 0 0 0 0 0 0 0 0 0 0 0 0 0 0 0 0 0 0 0 0
02/19/2019 16:26:57 - INFO - utility_bert -   input_mask: 1 1 1 1 1 1 1 1 1 1 1 1 1 1 1 1 1 1 1 1 0 0 0 0 0 0 0 0 0 0 0 0 0 0 0 0 0 0 0 0 0 0 0 0 0 0 0 0 0 0
02/19/2019 16:26:57 - INFO - utility_bert -   segment_ids: 0 0 0 0 0 0 0 0 0 0 0 0 0 0 0 0 0 0 0 0 0 0 0 0 0 0 0 0 0 0 0 0 0 0 0 0 0 0 0 0 0 0 0 0 0 0 0 0 0 0
02/19/2019 16:26:57 - INFO - utility_bert -   label: 0 (id = 0)
02/19/2019 16:26:57 - INFO - utility_bert -   *** Example ***
02/19/2019 16:26:57 - INFO - utility_bert -   guid: 000075f67dd595c3deb5
02/19/2019 16:26:57 - INFO - utility_bert -   tokens: [CLS] what can you say about feminism ? [SEP]
02/19/2019 16:26:57 - INFO - utility_bert -   input_ids: 101 2054 2064 2017 2360 2055 20050 1029 102 0 0 0 0 0 0 0 0 0 0 0 0 0 0 0 0 0 0 0 0 0 0 0 0 0 0 0 0 0 0 0 0 0 0 0 0 0 0 0 0 0
02/19/2019 16:26:57 - INFO - utility_bert -   input_mask: 1 1 1 1 1 1 1 1 1 0 0 0 0 0 0 0 0 0 0 0 0 0 0 0 0 0 0 0 0 0 0 0 0 0 0 0 0 0 0 0 0 0 0 0 0 0 0 0 0 0
02/19/2019 16:26:57 - INFO - utility_bert -   segment_ids: 0 0 0 0 0 0 0 0 0 0 0 0 0 0 0 0 0 0 0 0 0 0 0 0 0 0 0 0 0 0 0 0 0 0 0 0 0 0 0 0 0 0 0 0 0 0 0 0 0 0
02/19/2019 16:26:57 - INFO - utility_bert -   label: 0 (id = 0)
02/19/2019 16:26:57 - INFO - utility_bert -   *** Example ***
02/19/2019 16:26:57 - INFO - utility_bert -   guid: 000076f3b42776c692de
02/19/2019 16:26:57 - INFO - utility_bert -   tokens: [CLS] how were the calgary flames founded ? [SEP]
02/19/2019 16:26:57 - INFO - utility_bert -   input_ids: 101 2129 2020 1996 10112 7311 2631 1029 102 0 0 0 0 0 0 0 0 0 0 0 0 0 0 0 0 0 0 0 0 0 0 0 0 0 0 0 0 0 0 0 0 0 0 0 0 0 0 0 0 0
02/19/2019 16:26:57 - INFO - utility_bert -   input_mask: 1 1 1 1 1 1 1 1 1 0 0 0 0 0 0 0 0 0 0 0 0 0 0 0 0 0 0 0 0 0 0 0 0 0 0 0 0 0 0 0 0 0 0 0 0 0 0 0 0 0
02/19/2019 16:26:57 - INFO - utility_bert -   segment_ids: 0 0 0 0 0 0 0 0 0 0 0 0 0 0 0 0 0 0 0 0 0 0 0 0 0 0 0 0 0 0 0 0 0 0 0 0 0 0 0 0 0 0 0 0 0 0 0 0 0 0
02/19/2019 16:26:57 - INFO - utility_bert -   label: 0 (id = 0)
Done preprocessing:301.8s
02/19/2019 16:27:46 - INFO - pytorch_pretrained_bert.modeling -   loading archive file https://s3.amazonaws.com/models.huggingface.co/bert/bert-base-uncased.tar.gz from cache at /home/tks/.pytorch_pretrained_bert/9c41111e2de84547a463fd39217199738d1e3deb72d4fec4399e6e241983c6f0.ae3cef932725ca7a30cdcb93fc6e09150a55e2a130ec7af63975a16c153ae2ba
02/19/2019 16:27:46 - INFO - pytorch_pretrained_bert.modeling -   extracting archive file /home/tks/.pytorch_pretrained_bert/9c41111e2de84547a463fd39217199738d1e3deb72d4fec4399e6e241983c6f0.ae3cef932725ca7a30cdcb93fc6e09150a55e2a130ec7af63975a16c153ae2ba to temp dir /tmp/tmpwe_01ueb
02/19/2019 16:27:48 - INFO - pytorch_pretrained_bert.modeling -   Model config {
  "attention_probs_dropout_prob": 0.1,
  "hidden_act": "gelu",
  "hidden_dropout_prob": 0.1,
  "hidden_size": 768,
  "initializer_range": 0.02,
  "intermediate_size": 3072,
  "max_position_embeddings": 512,
  "num_attention_heads": 12,
  "num_hidden_layers": 12,
  "type_vocab_size": 2,
  "vocab_size": 30522
}

#Params: 52780033
Epoch:1
step:2000 loss:0.1490209 time:674.7s
step:4000 loss:0.1263185 time:1349.7s
step:6000 loss:0.1175878 time:2024.6s
  F1:0.69399 threshold:0.39 AUC:0.96970 time:2802.6s
Epoch:2
step:2000 loss:0.0818273 time:674.9s
step:4000 loss:0.0827335 time:1349.8s
step:6000 loss:0.0824158 time:2024.5s
  F1:0.69747 threshold:0.33 AUC:0.97099 time:2802.4s
Epoch:3
step:2000 loss:0.0665727 time:674.7s
step:4000 loss:0.0665050 time:1349.5s
step:6000 loss:0.0662230 time:2024.3s
  F1:0.69175 threshold:0.26 AUC:0.96923 time:2802.9s
02/19/2019 18:48:00 - INFO - pytorch_pretrained_bert.modeling -   loading archive file https://s3.amazonaws.com/models.huggingface.co/bert/bert-base-uncased.tar.gz from cache at /home/tks/.pytorch_pretrained_bert/9c41111e2de84547a463fd39217199738d1e3deb72d4fec4399e6e241983c6f0.ae3cef932725ca7a30cdcb93fc6e09150a55e2a130ec7af63975a16c153ae2ba
02/19/2019 18:48:00 - INFO - pytorch_pretrained_bert.modeling -   extracting archive file /home/tks/.pytorch_pretrained_bert/9c41111e2de84547a463fd39217199738d1e3deb72d4fec4399e6e241983c6f0.ae3cef932725ca7a30cdcb93fc6e09150a55e2a130ec7af63975a16c153ae2ba to temp dir /tmp/tmpoh3bw59t
02/19/2019 18:48:03 - INFO - pytorch_pretrained_bert.modeling -   Model config {
  "attention_probs_dropout_prob": 0.1,
  "hidden_act": "gelu",
  "hidden_dropout_prob": 0.1,
  "hidden_size": 768,
  "initializer_range": 0.02,
  "intermediate_size": 3072,
  "max_position_embeddings": 512,
  "num_attention_heads": 12,
  "num_hidden_layers": 12,
  "type_vocab_size": 2,
  "vocab_size": 30522
}

Epoch:1
step:2000 loss:0.1527205 time:675.0s
step:4000 loss:0.1285392 time:1350.0s
step:6000 loss:0.1193685 time:2025.0s
  F1:0.69235 threshold:0.28 AUC:0.96948 time:2803.6s
Epoch:2
step:2000 loss:0.0838624 time:675.0s
step:4000 loss:0.0834693 time:1349.9s
step:6000 loss:0.0831088 time:2025.0s
  F1:0.69940 threshold:0.36 AUC:0.97113 time:2803.4s
Epoch:3
step:2000 loss:0.0683030 time:674.9s
step:4000 loss:0.0676272 time:1349.7s
step:6000 loss:0.0678247 time:2024.6s
  F1:0.69595 threshold:0.35 AUC:0.96973 time:2802.8s
02/19/2019 21:08:15 - INFO - pytorch_pretrained_bert.modeling -   loading archive file https://s3.amazonaws.com/models.huggingface.co/bert/bert-base-uncased.tar.gz from cache at /home/tks/.pytorch_pretrained_bert/9c41111e2de84547a463fd39217199738d1e3deb72d4fec4399e6e241983c6f0.ae3cef932725ca7a30cdcb93fc6e09150a55e2a130ec7af63975a16c153ae2ba
02/19/2019 21:08:15 - INFO - pytorch_pretrained_bert.modeling -   extracting archive file /home/tks/.pytorch_pretrained_bert/9c41111e2de84547a463fd39217199738d1e3deb72d4fec4399e6e241983c6f0.ae3cef932725ca7a30cdcb93fc6e09150a55e2a130ec7af63975a16c153ae2ba to temp dir /tmp/tmpwunbfw0d
02/19/2019 21:08:18 - INFO - pytorch_pretrained_bert.modeling -   Model config {
  "attention_probs_dropout_prob": 0.1,
  "hidden_act": "gelu",
  "hidden_dropout_prob": 0.1,
  "hidden_size": 768,
  "initializer_range": 0.02,
  "intermediate_size": 3072,
  "max_position_embeddings": 512,
  "num_attention_heads": 12,
  "num_hidden_layers": 12,
  "type_vocab_size": 2,
  "vocab_size": 30522
}

Epoch:1
step:2000 loss:0.1521604 time:675.1s
step:4000 loss:0.1286948 time:1350.2s
step:6000 loss:0.1193821 time:2025.2s
  F1:0.69273 threshold:0.23 AUC:0.96941 time:2803.6s
Epoch:2
step:2000 loss:0.0847905 time:675.2s
step:4000 loss:0.0845365 time:1350.3s
step:6000 loss:0.0838450 time:2025.5s
  F1:0.69898 threshold:0.36 AUC:0.97130 time:2805.3s
Epoch:3
step:2000 loss:0.0677577 time:676.2s
step:4000 loss:0.0677637 time:1352.5s
step:6000 loss:0.0678291 time:2028.7s
  F1:0.69440 threshold:0.39 AUC:0.96977 time:2809.1s

Single
            F1      AUC  threshold
epoch                             
1      0.69303  0.96953    0.29583
2      0.69862  0.97114    0.35000
3      0.69403  0.96958    0.33333

Avg ensemble of 3models
            F1      AUC
epoch                  
1      0.69829  0.97068
2      0.70330  0.97230
3      0.70082  0.97109 


2804.0s/epoch
Done: 7.1 hours
